<?xml version="1.0" encoding="UTF-8"?>
<testng-results ignored="0" total="2" passed="2" failed="0" skipped="0">
  <reporter-output>
  </reporter-output>
  <suite started-at="2025-01-30T16:49:29 IST" name="Default suite" finished-at="2025-01-30T16:49:30 IST" duration-ms="375">
    <groups>
    </groups>
    <test started-at="2025-01-30T16:49:29 IST" name="Default test" finished-at="2025-01-30T16:49:30 IST" duration-ms="375">
      <class name="pack2.OrgTest">
        <test-method signature="createOrg()[pri:0, instance:pack2.OrgTest@7f3b84b8]" started-at="2025-01-30T16:49:29 IST" name="createOrg" finished-at="2025-01-30T16:49:30 IST" duration-ms="306" status="PASS">
          <reporter-output>
          </reporter-output>
        </test-method> <!-- createOrg -->
        <test-method signature="modifyOrg()[pri:0, instance:pack2.OrgTest@7f3b84b8]" started-at="2025-01-30T16:49:30 IST" name="modifyOrg" finished-at="2025-01-30T16:49:30 IST" duration-ms="1" status="PASS">
          <reporter-output>
          </reporter-output>
        </test-method> <!-- modifyOrg -->
      </class> <!-- pack2.OrgTest -->
    </test> <!-- Default test -->
  </suite> <!-- Default suite -->
</testng-results>
